2025-08-27 00:28:10,920 - INFO - ================================================================================
2025-08-27 00:28:10,921 - INFO - FAB Events Calendar Cleaner Started
2025-08-27 00:28:10,922 - INFO - Timestamp: 2025-08-27 00:28:10
2025-08-27 00:28:10,923 - INFO - ================================================================================
2025-08-27 00:28:10,923 - INFO - Setting up Google Calendar service...
2025-08-27 00:28:10,938 - INFO - Successfully connected to Google Calendar API
2025-08-27 00:28:10,939 - INFO - Cleaning Local DFW calendar...
2025-08-27 00:28:10,942 - INFO - Fetching events from Local DFW calendar...
2025-08-27 00:28:13,613 - INFO - Found 24 total events in Local DFW calendar
2025-08-27 00:28:13,614 - INFO - ALL events to be deleted from Local DFW calendar:
2025-08-27 00:28:13,614 - INFO - --------------------------------------------------------------------------------
2025-08-27 00:28:13,615 - INFO - 1. Skirmish: Dragon's Lair Comics & Fantasy Austin - 2025-08-30 (ID: 2u3halkljr6lai3h36tolnmvrs)
2025-08-27 00:28:13,615 - INFO - 2. Skirmish: Heroes Collectables - 2025-08-30 (ID: degniaqr5qlhcl2ckcpmimfh8g)
2025-08-27 00:28:13,615 - INFO - 3. Skirmish: Excalibur Comics Cards and Games - 2025-08-31 (ID: 7794s6huagdfdjjefd38miuk1c)
2025-08-27 00:28:13,616 - INFO - 4. Prerelease: Reaper Game Store - 2025-09-19 (ID: p2vunb54ggtiet0etr8meurnn4)
2025-08-27 00:28:13,616 - INFO - 5. Prerelease: Game Nerdz - Wylie - 2025-09-20 (ID: 5ast3kei3nf7t0sioeo4q7nrmk)
2025-08-27 00:28:13,618 - INFO - 6. Prerelease: LoneStar Pokemon Breaks LLC - 2025-09-20 (ID: 9hi5o5q1928tpv7jf8macemvfs)
2025-08-27 00:28:13,620 - INFO - 7. Prerelease: Northstar Games - 2025-09-20 (ID: b2juimdip0eqgduvleb7nepju8)
2025-08-27 00:28:13,620 - INFO - 8. Prerelease: Vs Games - 2025-09-21 (ID: imc11590kmsl5hi2k50kj5eotk)
2025-08-27 00:28:13,621 - INFO - 9. Prerelease: Game Nerdz - Allen - 2025-09-21 (ID: vtpo62b706jhnem5s8o3k9rptg)
2025-08-27 00:28:13,622 - INFO - 10. Prerelease: Game Nerdz - Mesquite - 2025-09-22 (ID: 2mgd7ejj1ub1a9kb07d7vekpb8)
2025-08-27 00:28:13,623 - INFO - 11. Prerelease: Game Nerdz - Wylie - 2025-09-24 (ID: hldcct13e2oudsemj8kgd6d1c8)
2025-08-27 00:28:13,624 - INFO - 12. Prerelease: Grumpy's Comics - 2025-09-27 (ID: 4mn53g8nq5nkruk04jkf5mobrk)
2025-08-27 00:28:13,624 - INFO - 13. Pro Quest: Dragon's Lair Comics & Fantasy Austin - 2025-10-04 (ID: 36l4filpdaour3kbfi8sgg7nso)
2025-08-27 00:28:13,625 - INFO - 14. Pro Quest: Reaper Game Store - 2025-10-04 (ID: 694k4jfmuvbh0c6hdpd7eef3k8)
2025-08-27 00:28:13,625 - INFO - 15. Pro Quest: Shenanigans Gaming - 2025-10-04 (ID: c6punrn521ri5tl3bco4jlke38)
2025-08-27 00:28:13,626 - INFO - 16. Pro Quest: Eclipse Cards and Hobby - 2025-10-05 (ID: 2g13vh0g5s45a7q0ssinur3imc)
2025-08-27 00:28:13,626 - INFO - 17. Pro Quest: The Legendarie Game Store LLC - 2025-10-11 (ID: jev1nokem25t511l2qtr3vdbqc)
2025-08-27 00:28:13,627 - INFO - 18. Pro Quest: Game HQ - 2025-10-11 (ID: ki22osq2gchluqjjef5bvm04sk)
2025-08-27 00:28:13,627 - INFO - 19. Pro Quest: Heroes Collectables - 2025-10-11 (ID: s2ne508bterhukaqbq0fb0i754)
2025-08-27 00:28:13,627 - INFO - 20. Pro Quest: Wolf Den Gaming - 2025-10-19 (ID: lf9l5kl8c9q4sonjugetv2u1qk)
2025-08-27 00:28:13,628 - INFO - 21. Pro Quest: White Lotus Gaming - 2025-10-19 (ID: sb3ufuvfjsu08og7hlpj861qe4)
2025-08-27 00:28:13,628 - INFO - 22. Pro Quest: Mothership Books and Games - 2025-10-25 (ID: kt24ntgm381u1jojuti4pt67oo)
2025-08-27 00:28:13,628 - INFO - 23. Pro Quest: Yokohama The Adventure Begins Comics, Games, and More - 2025-10-26 (ID: bbv5jea6btmn952gv0qtkmjr04)
2025-08-27 00:28:13,629 - INFO - 24. Pro Quest: Game Nerdz - Wylie - 2025-11-01 (ID: d2oiqa65gc8d50hl9baqjnmamo)
2025-08-27 00:28:13,629 - INFO - --------------------------------------------------------------------------------
