2025-08-27 00:26:06,947 - INFO - ================================================================================
2025-08-27 00:26:06,949 - INFO - FAB Events Calendar Cleaner Started
2025-08-27 00:26:06,950 - INFO - Timestamp: 2025-08-27 00:26:06
2025-08-27 00:26:06,951 - INFO - ================================================================================
2025-08-27 00:26:06,952 - INFO - Setting up Google Calendar service...
2025-08-27 00:26:06,970 - INFO - Successfully connected to Google Calendar API
2025-08-27 00:26:06,977 - INFO - Cleaning Local DFW calendar...
2025-08-27 00:26:06,979 - INFO - Fetching events from Local DFW calendar...
2025-08-27 00:26:09,731 - INFO - Found 0 FAB events in Local DFW calendar
2025-08-27 00:26:09,732 - INFO - No FAB events found in Local DFW calendar
2025-08-27 00:26:09,732 - INFO - Cleaning Global Major calendar...
2025-08-27 00:26:09,733 - INFO - Fetching events from Global Major calendar...
2025-08-27 00:26:09,895 - INFO - Found 30 FAB events in Global Major calendar
2025-08-27 00:26:09,896 - INFO - Events to be deleted from Global Major calendar:
2025-08-27 00:26:09,896 - INFO - --------------------------------------------------------------------------------
2025-08-27 00:26:09,896 - INFO - 1. Battle Hardened: Lucerne - 2025-08-08 (ID: au1l6beeoi7eem8dfp7bhphjjc)
2025-08-27 00:26:09,896 - INFO - 2. Calling: Auckland - 2025-08-08 (ID: qr5mul16aepnl9m8qgtd3a6r70)
2025-08-27 00:26:09,897 - INFO - 3. Calling: Kansas City - 2025-08-15 (ID: 9auilv15ht6au3huenvrrshj08)
2025-08-27 00:26:09,897 - INFO - 4. Battle Hardened: Perth - 2025-08-15 (ID: et74snbvl4k0rhuj9hat14aro4)
2025-08-27 00:26:09,897 - INFO - 5. Calling: Copenhagen - 2025-08-22 (ID: 4p044h5jpl3e2am62c8qimqlhg)
2025-08-27 00:26:09,904 - INFO - 6. Battle Hardened: Phoenix - 2025-08-22 (ID: m24037hefu8q8uaer0gbirq364)
2025-08-27 00:26:09,905 - INFO - 7. Battle Hardened: Orlando - 2025-08-29 (ID: d6hi9g5gl3v846vde0he16p6qs)
2025-08-27 00:26:09,905 - INFO - 8. Battle Hardened: Manila - 2025-09-05 (ID: 0a0rman2sqsbpfrguiosqd8bgg)
2025-08-27 00:26:09,905 - INFO - 9. Battle Hardened: Munich - 2025-09-05 (ID: 8hc8d3np1ct41hgp1l83pddt2k)
2025-08-27 00:26:09,905 - INFO - 10. Battle Hardened: Chicago - 2025-09-06 (ID: s7opm1id8nv7nn3h6tv2k4k81k)
2025-08-27 00:26:09,906 - INFO - 11. World Premiere: Montréal - 2025-09-12 (ID: vh6kito59f21slu2081ceica8c)
2025-08-27 00:26:09,906 - INFO - 12. Calling: Shizuoka - 2025-09-26 (ID: 9pfhatk7mtq4udaneemn1vpn7g)
2025-08-27 00:26:09,906 - INFO - 13. Battle Hardened: Guadalajara - 2025-09-26 (ID: b1h20345e10ovstb64160g40s0)
2025-08-27 00:26:09,907 - INFO - 14. Battle Hardened: Paris - 2025-09-27 (ID: 8tljftb5bdmvqpoknsc7pifaf4)
2025-08-27 00:26:09,907 - INFO - 15. Battle Hardened: Osaka - 2025-10-03 (ID: 41oh4hf3d3j15o1jil1t4o1hkg)
2025-08-27 00:26:09,908 - INFO - 16. Calling: Hamburg - 2025-10-03 (ID: u9ob6v1602stg66e2ds72sc2hc)
2025-08-27 00:26:09,908 - INFO - 17. Battle Hardened: Sonoma - 2025-10-04 (ID: 9b5e3vmh41lrtd3ej46edj3al0)
2025-08-27 00:26:09,909 - INFO - 18. Battle Hardened: Houston - 2025-10-17 (ID: 2lirkc0pv5do0gu94v543j4ob4)
2025-08-27 00:26:09,909 - INFO - 19. Battle Hardened: Baltimore - 2025-10-24 (ID: skfja6ftd71ubjcjfigf9t2sbg)
2025-08-27 00:26:09,909 - INFO - 20. Battle Hardened: Tacoma - 2025-10-31 (ID: 6540anic0cbkrrkvuk9rq6ps4k)
2025-08-27 00:26:09,909 - INFO - 21. Calling: Sydney - 2025-10-31 (ID: mldc5binp1gg4hpte85dpkh2d0)
2025-08-27 00:26:09,910 - INFO - 22. Battle Hardened: Rochester - 2025-11-07 (ID: v03stud0gie72nhhfql5tcpvnk)
2025-08-27 00:26:09,910 - INFO - 23. Battle Hardened: Edinburgh - 2025-11-08 (ID: f3u3bkn8v6bomfa2mc64qu6b1k)
2025-08-27 00:26:09,910 - INFO - 24. World Championship: Philadelphia - 2025-11-13 (ID: 2q1i59qgdg515m8264mp7crseg)
2025-08-27 00:26:09,910 - INFO - 25. Calling: Valencia - 2025-11-28 (ID: 5s3i7uhadpo9dges5pasn3b8tg)
2025-08-27 00:26:09,911 - INFO - 26. Calling: Seattle - 2025-12-12 (ID: kv11ep514175ua62vsai04c7ag)
2025-08-27 00:26:09,911 - INFO - 27. Battle Hardened: Seoul - 2025-12-12 (ID: lhusgbtn956eaej7fjicva6ji0)
2025-08-27 00:26:09,911 - INFO - 28. Battle Hardened: Vienna - 2025-12-12 (ID: odoqog8984dnejaeu2js43ecn0)
2025-08-27 00:26:09,911 - INFO - 29. Calling: Hong Kong - 2025-12-19 (ID: d63iksvp60kudror8629ahsum8)
2025-08-27 00:26:09,912 - INFO - 30. Pro Tour: Yokohama - 2026-04-09 (ID: 29qv0jsm7ohb4g47u60m2n5ts4)
2025-08-27 00:26:09,912 - INFO - --------------------------------------------------------------------------------
2025-08-27 00:26:27,295 - INFO - Successfully deleted 30 events from Global Major calendar
2025-08-27 00:26:27,296 - INFO - ================================================================================
2025-08-27 00:26:27,296 - INFO - CALENDAR CLEANING COMPLETED
2025-08-27 00:26:27,297 - INFO - Total events deleted: 30
2025-08-27 00:26:27,297 - INFO - ================================================================================
