2025-08-27 00:30:42,958 - INFO - ================================================================================
2025-08-27 00:30:42,959 - INFO - FAB Major Global Events Scraper Started
2025-08-27 00:30:42,959 - INFO - Timestamp: 2025-08-27 00:30:42
2025-08-27 00:30:42,959 - INFO - Global URL: https://fabtcg.com/en/organised-play/
2025-08-27 00:30:42,960 - INFO - Local URL: https://fabtcg.com/en/events/
2025-08-27 00:30:42,960 - INFO - Calendar ID: 218e7e21cc1ab2c39e682ae90d925d3f02a729c9718ae4d1a4bb3c359cc06c6f@group.calendar.google.com
2025-08-27 00:30:42,960 - INFO - User Location: Seattle, WA
2025-08-27 00:30:42,961 - INFO - Local Radius: 100 miles
2025-08-27 00:30:42,961 - INFO - Include Global Majors: True
2025-08-27 00:30:42,961 - INFO - Include US Battle Hardened: True
2025-08-27 00:30:42,961 - INFO - ================================================================================
2025-08-27 00:30:42,961 - INFO - Starting FAB Major Global Events Scraper & Calendar Sync
2025-08-27 00:30:42,962 - INFO - ============================================================
2025-08-27 00:30:42,962 - INFO - Finding all FAB events...
2025-08-27 00:30:42,962 - INFO - Fetching global events: https://fabtcg.com/en/organised-play/
2025-08-27 00:30:44,855 - INFO - Found 31 potential event matches in text
2025-08-27 00:30:45,505 - INFO - Found 31 unique events after deduplication
2025-08-27 00:30:45,506 - INFO - Found 31 events:
2025-08-27 00:30:45,514 - INFO - --------------------------------------------------------------------------------
2025-08-27 00:30:45,594 - INFO - Setting up Google Calendar...
2025-08-27 00:30:45,606 - INFO - Successfully connected to Google Calendar: 218e7e21cc1ab2c39e682ae90d925d3f02a729c9718ae4d1a4bb3c359cc06c6f@group.calendar.google.com
2025-08-27 00:30:45,607 - INFO - Syncing 31 events to Google Calendar...
2025-08-27 00:31:06,843 - INFO - Successfully synced 31 events to calendar
2025-08-27 00:31:06,843 - INFO - Calendar sync completed!
2025-08-27 00:31:06,843 - INFO - Script execution completed successfully
2025-08-27 00:31:06,843 - INFO - ================================================================================
