2025-08-27 00:32:44,320 - INFO - ================================================================================
2025-08-27 00:32:44,320 - INFO - FAB Major Global Events Scraper Started
2025-08-27 00:32:44,321 - INFO - Timestamp: 2025-08-27 00:32:44
2025-08-27 00:32:44,321 - INFO - Global URL: https://fabtcg.com/en/organised-play/
2025-08-27 00:32:44,321 - INFO - Local URL: https://fabtcg.com/en/events/
2025-08-27 00:32:44,321 - INFO - Calendar ID: 218e7e21cc1ab2c39e682ae90d925d3f02a729c9718ae4d1a4bb3c359cc06c6f@group.calendar.google.com
2025-08-27 00:32:44,322 - INFO - User Location: Seattle, WA
2025-08-27 00:32:44,322 - INFO - Local Radius: 100 miles
2025-08-27 00:32:44,323 - INFO - Include Global Majors: True
2025-08-27 00:32:44,323 - INFO - Include US Battle Hardened: True
2025-08-27 00:32:44,323 - INFO - ================================================================================
2025-08-27 00:32:44,324 - INFO - Starting FAB Major Global Events Scraper & Calendar Sync
2025-08-27 00:32:44,324 - INFO - ============================================================
2025-08-27 00:32:44,324 - INFO - Finding all FAB events...
2025-08-27 00:32:44,324 - INFO - Fetching global events: https://fabtcg.com/en/organised-play/
2025-08-27 00:32:44,429 - INFO - Found 31 potential event matches in text
2025-08-27 00:32:44,778 - INFO - Found 31 unique events after deduplication
2025-08-27 00:32:44,778 - INFO - Found 31 events:
2025-08-27 00:32:44,784 - INFO - --------------------------------------------------------------------------------
2025-08-27 00:32:44,839 - INFO - Setting up Google Calendar...
2025-08-27 00:32:44,849 - INFO - Successfully connected to Google Calendar: 218e7e21cc1ab2c39e682ae90d925d3f02a729c9718ae4d1a4bb3c359cc06c6f@group.calendar.google.com
2025-08-27 00:32:44,850 - INFO - Syncing 31 events to Google Calendar...
2025-08-27 00:33:04,800 - INFO - Successfully synced 31 events to calendar
2025-08-27 00:33:04,801 - INFO - Calendar sync completed!
2025-08-27 00:33:04,801 - INFO - Script execution completed successfully
2025-08-27 00:33:04,801 - INFO - ================================================================================
